TN:
SF:budget.js
FN:23,escapeHTML
FN:33,(anonymous_1)
FN:36,calculateTotal
FN:38,(anonymous_3)
FN:44,calculateBalance
FN:48,clearInput
FN:49,(anonymous_6)
FN:54,show
FN:58,hide
FN:59,(anonymous_9)
FN:62,active
FN:66,inactive
FN:67,(anonymous_12)
FN:70,clearElement
FN:71,(anonymous_14)
FN:80,showEntry
FN:89,deleteOrEdit
FN:99,deleteEntry
FN:104,editEntry
FN:118,updateUI
FN:131,(anonymous_20)
FN:158,init
FN:186,(anonymous_22)
FN:193,(anonymous_23)
FN:200,(anonymous_24)
FN:207,(anonymous_25)
FN:218,(anonymous_26)
FN:261,(anonymous_27)
FN:262,(anonymous_28)
FN:265,(anonymous_29)
FN:277,(anonymous_30)
FNF:31
FNH:31
FNDA:55,escapeHTML
FNDA:14,(anonymous_1)
FNDA:77,calculateTotal
FNDA:50,(anonymous_3)
FNDA:40,calculateBalance
FNDA:4,clearInput
FNDA:8,(anonymous_6)
FNDA:5,show
FNDA:5,hide
FNDA:8,(anonymous_9)
FNDA:4,active
FNDA:5,inactive
FNDA:9,(anonymous_12)
FNDA:38,clearElement
FNDA:111,(anonymous_14)
FNDA:46,showEntry
FNDA:3,deleteOrEdit
FNDA:9,deleteEntry
FNDA:6,editEntry
FNDA:36,updateUI
FNDA:20,(anonymous_20)
FNDA:14,init
FNDA:1,(anonymous_22)
FNDA:1,(anonymous_23)
FNDA:1,(anonymous_24)
FNDA:3,(anonymous_25)
FNDA:2,(anonymous_26)
FNDA:15,(anonymous_27)
FNDA:78,(anonymous_28)
FNDA:61,(anonymous_29)
FNDA:1,(anonymous_30)
DA:5,1
DA:6,1
DA:7,1
DA:8,1
DA:9,1
DA:10,1
DA:17,1
DA:24,55
DA:25,53
DA:33,53
DA:37,77
DA:38,77
DA:39,50
DA:41,77
DA:45,40
DA:49,4
DA:50,8
DA:55,5
DA:59,8
DA:63,4
DA:67,9
DA:71,38
DA:72,111
DA:81,46
DA:86,46
DA:90,3
DA:91,3
DA:92,3
DA:93,1
DA:94,2
DA:95,2
DA:100,9
DA:101,9
DA:105,6
DA:106,6
DA:108,5
DA:109,4
DA:110,4
DA:111,1
DA:112,1
DA:113,1
DA:115,5
DA:119,36
DA:120,36
DA:121,36
DA:123,36
DA:125,36
DA:126,36
DA:127,36
DA:129,36
DA:130,36
DA:131,36
DA:132,20
DA:133,8
DA:134,12
DA:135,12
DA:137,20
DA:141,36
DA:142,36
DA:143,0
DA:144,0
DA:147,36
DA:148,36
DA:159,14
DA:160,14
DA:161,14
DA:162,14
DA:163,14
DA:164,14
DA:165,14
DA:166,14
DA:167,14
DA:169,14
DA:170,14
DA:171,14
DA:172,14
DA:173,14
DA:175,14
DA:176,14
DA:177,14
DA:178,14
DA:180,14
DA:181,14
DA:183,1
DA:186,14
DA:187,1
DA:188,1
DA:189,1
DA:190,1
DA:193,14
DA:194,1
DA:195,1
DA:196,1
DA:197,1
DA:200,14
DA:201,1
DA:202,1
DA:203,1
DA:204,1
DA:207,14
DA:208,3
DA:209,2
DA:214,2
DA:215,2
DA:218,14
DA:219,2
DA:220,1
DA:225,1
DA:226,1
DA:229,14
DA:230,14
DA:231,14
DA:233,14
DA:244,1
DA:245,1
DA:261,15
DA:263,78
DA:266,61
DA:267,61
DA:268,61
DA:269,61
DA:270,61
DA:271,61
DA:272,61
DA:273,61
DA:274,61
DA:275,61
DA:278,1
LF:128
LH:126
BRDA:24,0,0,2
BRDA:24,0,1,53
BRDA:39,1,0,25
BRDA:39,1,1,25
BRDA:92,2,0,1
BRDA:92,2,1,2
BRDA:94,3,0,2
BRDA:94,3,1,0
BRDA:106,4,0,1
BRDA:106,4,1,5
BRDA:108,5,0,4
BRDA:108,5,1,1
BRDA:109,6,0,4
BRDA:109,6,1,0
BRDA:110,7,0,4
BRDA:110,7,1,0
BRDA:111,8,0,1
BRDA:111,8,1,0
BRDA:112,9,0,1
BRDA:112,9,1,0
BRDA:113,10,0,1
BRDA:113,10,1,0
BRDA:123,11,0,31
BRDA:123,11,1,5
BRDA:125,12,0,36
BRDA:125,12,1,0
BRDA:126,13,0,36
BRDA:126,13,1,0
BRDA:127,14,0,36
BRDA:127,14,1,0
BRDA:129,15,0,36
BRDA:129,15,1,0
BRDA:129,16,0,36
BRDA:129,16,1,36
BRDA:129,16,2,36
BRDA:132,17,0,8
BRDA:132,17,1,12
BRDA:134,18,0,12
BRDA:134,18,1,0
BRDA:141,19,0,36
BRDA:141,19,1,0
BRDA:143,20,0,0
BRDA:143,20,1,0
BRDA:181,21,0,14
BRDA:181,21,1,12
BRDA:208,22,0,1
BRDA:208,22,1,2
BRDA:208,23,0,3
BRDA:208,23,1,2
BRDA:219,24,0,1
BRDA:219,24,1,1
BRDA:219,25,0,2
BRDA:219,25,1,1
BRDA:244,26,0,1
BRDA:244,26,1,0
BRDA:244,27,0,1
BRDA:244,27,1,1
BRDA:266,28,0,61
BRDA:266,28,1,0
BRDA:267,29,0,61
BRDA:267,29,1,0
BRDA:268,30,0,61
BRDA:268,30,1,0
BRDA:269,31,0,61
BRDA:269,31,1,0
BRDA:270,32,0,61
BRDA:270,32,1,0
BRDA:271,33,0,61
BRDA:271,33,1,0
BRDA:272,34,0,61
BRDA:272,34,1,0
BRDA:273,35,0,61
BRDA:273,35,1,0
BRDA:274,36,0,61
BRDA:274,36,1,0
BRDA:275,37,0,61
BRDA:275,37,1,0
BRF:77
BRH:52
end_of_record
TN:
SF:chart.js
FN:8,initChart
FN:30,drawCircle
FN:51,updateChart
FN:67,(anonymous_3)
FN:81,(anonymous_4)
FN:82,(anonymous_5)
FN:83,(anonymous_6)
FN:84,(anonymous_7)
FNF:8
FNH:6
FNDA:4,initChart
FNDA:21,drawCircle
FNDA:7,updateChart
FNDA:0,(anonymous_3)
FNDA:22,(anonymous_4)
FNDA:21,(anonymous_5)
FNDA:1,(anonymous_6)
FNDA:0,(anonymous_7)
DA:1,1
DA:2,1
DA:9,4
DA:10,4
DA:11,4
DA:12,4
DA:14,4
DA:16,4
DA:17,1
DA:18,1
DA:21,3
DA:31,21
DA:33,19
DA:34,19
DA:35,19
DA:43,19
DA:52,7
DA:54,6
DA:56,6
DA:57,6
DA:59,6
DA:60,6
DA:66,1
DA:67,0
DA:68,0
DA:69,0
DA:76,1
DA:77,1
DA:81,22
DA:82,21
DA:83,1
DA:84,0
LF:32
LH:28
BRDA:16,0,0,1
BRDA:16,0,1,3
BRDA:31,1,0,2
BRDA:31,1,1,19
BRDA:31,2,0,21
BRDA:31,2,1,20
BRDA:52,3,0,1
BRDA:52,3,1,6
BRDA:52,4,0,7
BRDA:52,4,1,6
BRDA:57,5,0,1
BRDA:57,5,1,5
BRDA:66,6,0,0
BRDA:66,6,1,1
BRDA:66,7,0,1
BRDA:66,7,1,1
BRDA:69,8,0,0
BRDA:69,8,1,0
BRDA:76,9,0,1
BRDA:76,9,1,0
BRDA:76,10,0,1
BRDA:76,10,1,1
BRF:22
BRH:18
end_of_record
TN:
SF:cookie.js
FN:11,setCookie
FN:23,getCookie
FN:40,createBanner
FN:58,(anonymous_3)
FN:76,alignBannerWithApp
FN:86,close
FN:92,(anonymous_6)
FN:97,(anonymous_7)
FN:107,(anonymous_8)
FNF:9
FNH:8
FNDA:17,setCookie
FNDA:9,getCookie
FNDA:11,createBanner
FNDA:36,(anonymous_3)
FNDA:9,alignBannerWithApp
FNDA:5,close
FNDA:3,(anonymous_6)
FNDA:2,(anonymous_7)
FNDA:0,(anonymous_8)
DA:12,17
DA:13,17
DA:14,17
DA:24,9
DA:25,9
DA:26,9
DA:28,9
DA:29,11
DA:30,11
DA:31,8
DA:34,1
DA:41,11
DA:43,11
DA:44,2
DA:45,2
DA:49,9
DA:50,9
DA:51,9
DA:54,9
DA:55,9
DA:58,9
DA:59,36
DA:61,9
DA:74,9
DA:77,9
DA:78,9
DA:79,9
DA:82,9
DA:83,9
DA:84,9
DA:87,5
DA:88,5
DA:89,5
DA:92,9
DA:93,3
DA:94,3
DA:97,9
DA:98,2
DA:99,2
DA:106,1
DA:107,0
DA:108,0
DA:109,0
DA:117,1
DA:118,1
LF:45
LH:42
BRDA:30,0,0,8
BRDA:30,0,1,3
BRDA:43,1,0,2
BRDA:43,1,1,9
BRDA:59,2,0,0
BRDA:59,2,1,36
BRDA:106,3,0,0
BRDA:106,3,1,1
BRDA:106,4,0,1
BRDA:106,4,1,1
BRDA:108,5,0,0
BRDA:108,5,1,0
BRDA:117,6,0,1
BRDA:117,6,1,0
BRDA:117,7,0,1
BRDA:117,7,1,1
BRF:16
BRH:11
end_of_record
TN:
SF:i18n.js
FN:97,t
FN:101,(anonymous_1)
FN:111,setLanguage
FN:138,(anonymous_3)
FNF:4
FNH:4
FNDA:13,t
FNDA:26,(anonymous_1)
FNDA:29,setLanguage
FNDA:5,(anonymous_3)
DA:8,1
DA:86,1
DA:87,1
DA:91,0
DA:98,13
DA:99,13
DA:101,26
DA:103,2
DA:104,2
DA:112,29
DA:114,27
DA:116,27
DA:117,27
DA:118,27
DA:125,27
DA:126,0
DA:133,1
DA:134,1
DA:138,5
LF:19
LH:17
BRDA:88,0,0,1
BRDA:88,0,1,1
BRDA:88,0,2,1
BRDA:112,1,0,2
BRDA:112,1,1,27
BRDA:117,2,0,27
BRDA:117,2,1,0
BRDA:125,3,0,0
BRDA:125,3,1,27
BRDA:125,4,0,27
BRDA:125,4,1,0
BRDA:133,5,0,1
BRDA:133,5,1,0
BRDA:133,6,0,1
BRDA:133,6,1,1
BRF:15
BRH:11
end_of_record
